[2016-03-15 14:39:26] run_gem_wrappers_regenerate
run_gem_wrappers_regenerate () 
{ 
    gem_install gem-wrappers && gem wrappers regenerate || return $?
}
current path: /Users/michaeljang
GEM_HOME=/Users/michaeljang/.rvm/gems/ruby-2.2.1
PATH=/Users/michaeljang/.rvm/gems/ruby-2.2.1/bin:/Users/michaeljang/.rvm/gems/ruby-2.2.1@global/bin:/Users/michaeljang/.rvm/rubies/ruby-2.2.1/bin:/Users/michaeljang/.rvm/bin:/Users/michaeljang/Dropbox/bin/my_bin:/Users/michaeljang:/usr/local/bin:/usr/bin:/bin:/usr/sbin:/sbin
GEM_PATH=/Users/michaeljang/.rvm/gems/ruby-2.2.1:/Users/michaeljang/.rvm/gems/ruby-2.2.1@global
command(1): run_gem_wrappers_regenerate
+ gem_install gem-wrappers
+ typeset gem_name gem_version version_check
+ gem_version=
+ __rvm_parse_gems_args gem-wrappers
+ typeset gem=gem-wrappers
+ __rvm_string_match gem-wrappers '*.gem$'
+ typeset _string
+ _string=gem-wrappers
+ shift
+ ((  1  ))
+ case "${_string}" in
+ shift
+ ((  0  ))
+ return 1
+ gem_name=gem-wrappers
+ case "$gem" in
+ [[ -z '' ]]
+ __rvm_db gem_gem-wrappers_version gem_version
+ typeset value key variable
+ key=gem_gem-wrappers_version
+ key=gem_gem-wrappers_version
+ variable=gem_version
+ value=
+ [[ -f /Users/michaeljang/.rvm/user/db ]]
++ __rvm_db_ /Users/michaeljang/.rvm/user/db gem_gem-wrappers_version
++ typeset __db __key __value
++ __db=/Users/michaeljang/.rvm/user/db
++ __key=gem_gem-wrappers_version
++ shift 2
++ __value=
++ case "${__value}" in
++ __rvm_db_get /Users/michaeljang/.rvm/user/db gem_gem-wrappers_version
++ [[ -f /Users/michaeljang/.rvm/user/db ]]
++ __rvm_sed -n -e '\#^gem_gem-wrappers_version=# { s#^gem_gem-wrappers_version=##;; p; }' -e '/^$/d'
++ sed -n -e '\#^gem_gem-wrappers_version=# { s#^gem_gem-wrappers_version=##;; p; }' -e '/^$/d'
+ value=
+ [[ -z '' ]]
+ [[ -f /Users/michaeljang/.rvm/config/db ]]
++ __rvm_db_ /Users/michaeljang/.rvm/config/db gem_gem-wrappers_version
++ typeset __db __key __value
++ __db=/Users/michaeljang/.rvm/config/db
++ __key=gem_gem-wrappers_version
++ shift 2
++ __value=
++ case "${__value}" in
++ __rvm_db_get /Users/michaeljang/.rvm/config/db gem_gem-wrappers_version
++ [[ -f /Users/michaeljang/.rvm/config/db ]]
++ __rvm_sed -n -e '\#^gem_gem-wrappers_version=# { s#^gem_gem-wrappers_version=##;; p; }' -e '/^$/d'
++ sed -n -e '\#^gem_gem-wrappers_version=# { s#^gem_gem-wrappers_version=##;; p; }' -e '/^$/d'
+ value='>=1.2.7'
+ [[ -n >=1.2.7 ]]
+ [[ -n gem_version ]]
+ eval 'gem_version='\''>=1.2.7'\'''
++ gem_version='>=1.2.7'
+ true
+ ((  0 == 0  ))
+ is_gem_installed
+ typeset gem_spec
+ gem_spec='gem '\''gem-wrappers'\'''
+ [[ -n >=1.2.7 ]]
+ gem_spec+=', '\''>=1.2.7'\'''
+ version_check=1.2.7
+ ls -ld /Users/michaeljang/.rvm/gems/ruby-2.2.1/gems/gem-wrappers-1.2.7
+ /Users/michaeljang/.rvm/rubies/ruby-2.2.1/bin/ruby -rrubygems -e 'gem '\''gem-wrappers'\'', '\''>=1.2.7'\'''
+ return 127
+ gem_install_force
+ typeset __available_gem
+ typeset -a install_params
+ install_params=()
++ ls -v1 /Users/michaeljang/.rvm/gem-cache/gem-wrappers-1.2.7.gem
++ tail -n 1
+ __available_gem=/Users/michaeljang/.rvm/gem-cache/gem-wrappers-1.2.7.gem
+ [[ -n /Users/michaeljang/.rvm/gem-cache/gem-wrappers-1.2.7.gem ]]
+ install_params+=(--local)
+ install_params+=(--no-ri --no-rdoc $rvm_gem_options)
+ __rvm_log_command 'gem.install.gem-wrappers->=1.2.7' 'installing gem /Users/michaeljang/.rvm/gem-cache/gem-wrappers-1.2.7.gem --local --no-ri --no-rdoc' command gem install /Users/michaeljang/.rvm/gem-cache/gem-wrappers-1.2.7.gem --local --no-ri --no-rdoc
+ typeset name message _command_start _command_name
+ typeset -a _command
+ name='gem.install.gem-wrappers->=1.2.7'
+ message='installing gem /Users/michaeljang/.rvm/gem-cache/gem-wrappers-1.2.7.gem --local --no-ri --no-rdoc'
+ shift 2
+ _command=("$@")
+ _command_start=command
+ ((  7  ))
+ [[ command == *\=* ]]
+ _command_name=command
+ [[ command != *\=* ]]
+ __function_on_stack __rvm_log_command_internal
+ __rvm_string_includes '__function_on_stack __rvm_log_command gem_install_force gem_install run_gem_wrappers_regenerate __rvm_log_dotted __rvm_log_command_internal __rvm_log_command gemset_initial __rvm_with gemset_create __rvm_gemset_use_ensure __rvm_use_ __rvm_use rvm' __rvm_log_command_internal
+ typeset __search '__text=__function_on_stack __rvm_log_command gem_install_force gem_install run_gem_wrappers_regenerate __rvm_log_dotted __rvm_log_command_internal __rvm_log_command gemset_initial __rvm_with gemset_create __rvm_gemset_use_ensure __rvm_use_ __rvm_use rvm'
+ shift
+ for __search in '"$@"'
+ [[  __function_on_stack __rvm_log_command gem_install_force gem_install run_gem_wrappers_regenerate __rvm_log_dotted __rvm_log_command_internal __rvm_log_command gemset_initial __rvm_with gemset_create __rvm_gemset_use_ensure __rvm_use_ __rvm_use rvm  == *\ \_\_\r\v\m\_\l\o\g\_\c\o\m\m\a\n\d\_\i\n\t\e\r\n\a\l\ * ]]
+ return 0
+ __rvm_log_command_simple command gem install /Users/michaeljang/.rvm/gem-cache/gem-wrappers-1.2.7.gem --local --no-ri --no-rdoc
+ __rvm_log_command_debug
++ __rvm_date '+%Y-%m-%d %H:%M:%S'
++ date '+%Y-%m-%d %H:%M:%S'
+ printf %b '[2016-03-15 14:39:26] command\n'
[2016-03-15 14:39:26] command
+ is_a_function command
+ typeset -f command
+ return 1
+ printf %b 'current path: /Users/michaeljang\n'
current path: /Users/michaeljang
+ env
+ __rvm_grep -E '^GEM_HOME=|^GEM_PATH=|^PATH='
+ GREP_OPTIONS=
+ command grep -E '^GEM_HOME=|^GEM_PATH=|^PATH='
+ grep -E '^GEM_HOME=|^GEM_PATH=|^PATH='
GEM_HOME=/Users/michaeljang/.rvm/gems/ruby-2.2.1
PATH=/Users/michaeljang/.rvm/gems/ruby-2.2.1/bin:/Users/michaeljang/.rvm/gems/ruby-2.2.1@global/bin:/Users/michaeljang/.rvm/rubies/ruby-2.2.1/bin:/Users/michaeljang/.rvm/bin:/Users/michaeljang/Dropbox/bin/my_bin:/Users/michaeljang:/usr/local/bin:/usr/bin:/bin:/usr/sbin:/sbin
GEM_PATH=/Users/michaeljang/.rvm/gems/ruby-2.2.1:/Users/michaeljang/.rvm/gems/ruby-2.2.1@global
+ printf %b 'command(7): command gem install /Users/michaeljang/.rvm/gem-cache/gem-wrappers-1.2.7.gem --local --no-ri --no-rdoc\n'
command(7): command gem install /Users/michaeljang/.rvm/gem-cache/gem-wrappers-1.2.7.gem --local --no-ri --no-rdoc
+ rvm_log 'installing gem /Users/michaeljang/.rvm/gem-cache/gem-wrappers-1.2.7.gem --local --no-ri --no-rdoc'
+ [[ '' == 1 ]]
+ rvm_pretty_print stdout
+ case "${rvm_pretty_print_flag:=auto}" in
+ case "${TERM:-dumb}" in
+ case "$1" in
+ [[ -t 1 ]]
+ return 1
+ printf %b 'installing gem /Users/michaeljang/.rvm/gem-cache/gem-wrappers-1.2.7.gem --local --no-ri --no-rdoc\n'
installing gem /Users/michaeljang/.rvm/gem-cache/gem-wrappers-1.2.7.gem --local --no-ri --no-rdoc
+ command gem install /Users/michaeljang/.rvm/gem-cache/gem-wrappers-1.2.7.gem --local --no-ri --no-rdoc
+ gem install /Users/michaeljang/.rvm/gem-cache/gem-wrappers-1.2.7.gem --local --no-ri --no-rdoc
Building native extensions.  This could take a while...
Successfully installed gem-wrappers-1.2.7
1 gem installed
+ true
+ gem wrappers regenerate
